2024-10-02 07:55:28,475 [INFO] Activator:176 - 


2024-10-02 07:55:28,478 [INFO] Activator:177 - !SESSION log4j initialized
2024-10-02 07:55:31,722 [INFO] LogOutputStream:77 - [STDOUT_REDIRECT] 
2024-10-02 07:55:48,381 [INFO] ApplicationProperties:184 - Using Application install path: C:\appz\ST\STM32CubeIDE_1.10.1\STM32CubeIDE\plugins\com.st.stm32cube.common.mx_6.12.0.202406281431
2024-10-02 07:55:48,406 [INFO] DbMcusXml:78 - Set database path to: C:\appz\ST\STM32CubeIDE_1.10.1\STM32CubeIDE\plugins\com.st.stm32cube.common.mx_6.12.0.202406281431\\db\/mcu/
2024-10-02 07:55:48,406 [INFO] ApiDb:274 - Set plugin database path to: C:\appz\ST\STM32CubeIDE_1.10.1\STM32CubeIDE\plugins\com.st.stm32cube.common.mx_6.12.0.202406281431\\db\/plugins/boardmanager/
2024-10-02 07:55:48,407 [WARN] ApiDb:259 - Overriding images path with different value:  => C:\appz\ST\STM32CubeIDE_1.10.1\STM32CubeIDE\plugins\com.st.stm32cube.common.mx_6.12.0.202406281431\\db\/plugins/mcufinder/images/
2024-10-02 07:55:48,420 [INFO] ApiDb:250 - Set database path to: C:\Users\xdocka15\.stmcufinder\plugins\mcufinder//mcu/
2024-10-02 07:55:48,421 [INFO] DbMcusAds:125 - Set database path to: C:\Users\xdocka15\.stmcufinder\plugins\mcufinder//mcu/
2024-10-02 07:55:48,427 [INFO] CrossReferenceDbSqlite:203 - Set database path to: C:\Users\xdocka15\.stmcufinder\plugins\mcufinder//mcu/cs/
2024-10-02 07:55:48,577 [INFO] RulesReader:64 - Compatibility file has been processed (297 Rules)
2024-10-02 07:55:48,685 [INFO] DbMcusXml:78 - Set database path to: C:\appz\ST\STM32CubeIDE_1.10.1\STM32CubeIDE\plugins\com.st.stm32cube.common.mx_6.12.0.202406281431\\db\/mcu/
2024-10-02 07:55:48,686 [INFO] ApiDb:274 - Set plugin database path to: C:\appz\ST\STM32CubeIDE_1.10.1\STM32CubeIDE\plugins\com.st.stm32cube.common.mx_6.12.0.202406281431\\db\/plugins/boardmanager/
2024-10-02 07:55:48,686 [INFO] ApiDb:261 - Set plugin images path to: C:\appz\ST\STM32CubeIDE_1.10.1\STM32CubeIDE\plugins\com.st.stm32cube.common.mx_6.12.0.202406281431\\db\/plugins/mcufinder/images/
2024-10-02 07:55:48,686 [WARN] DbFile:41 - Overriding database path with different value: C:\Users\xdocka15\.stmcufinder\plugins\mcufinder/ => C:\Users\xdocka15\.stmcufinder\plugins\mcufinder
2024-10-02 07:55:48,686 [INFO] ApiDb:250 - Set database path to: C:\Users\xdocka15\.stmcufinder\plugins\mcufinder//mcu/
2024-10-02 07:55:48,686 [WARN] DbFile:41 - Overriding database path with different value: C:\Users\xdocka15\.stmcufinder\plugins\mcufinder/ => C:\Users\xdocka15\.stmcufinder\plugins\mcufinder
2024-10-02 07:55:48,686 [INFO] DbMcusAds:125 - Set database path to: C:\Users\xdocka15\.stmcufinder\plugins\mcufinder//mcu/
2024-10-02 07:55:48,686 [WARN] DbFile:41 - Overriding database path with different value: C:\Users\xdocka15\.stmcufinder\plugins\mcufinder/ => C:\Users\xdocka15\.stmcufinder\plugins\mcufinder
2024-10-02 07:55:48,687 [WARN] DbFile:41 - Overriding database path with different value: C:\Users\xdocka15\.stmcufinder\plugins\mcufinder/ => C:\Users\xdocka15\.stmcufinder\plugins\mcufinder
2024-10-02 07:55:48,687 [INFO] CrossReferenceDbSqlite:203 - Set database path to: C:\Users\xdocka15\.stmcufinder\plugins\mcufinder//mcu/cs/
2024-10-02 07:55:48,826 [INFO] MainPanel:268 - HeapMemory: 268435456
2024-10-02 07:55:48,969 [INFO] DbMcusXml:78 - Set database path to: C:\appz\ST\STM32CubeIDE_1.10.1\STM32CubeIDE\plugins\com.st.stm32cube.common.mx_6.12.0.202406281431\\db\/mcu/
2024-10-02 07:55:48,969 [INFO] ApiDb:274 - Set plugin database path to: C:\appz\ST\STM32CubeIDE_1.10.1\STM32CubeIDE\plugins\com.st.stm32cube.common.mx_6.12.0.202406281431\\db\/plugins/boardmanager/
2024-10-02 07:55:48,969 [INFO] ApiDb:261 - Set plugin images path to: C:\appz\ST\STM32CubeIDE_1.10.1\STM32CubeIDE\plugins\com.st.stm32cube.common.mx_6.12.0.202406281431\\db\/plugins/mcufinder/images/
2024-10-02 07:55:48,969 [WARN] DbFile:41 - Overriding database path with different value: C:\Users\xdocka15\.stmcufinder\plugins\mcufinder/ => C:\Users\xdocka15\.stmcufinder\plugins\mcufinder
2024-10-02 07:55:48,970 [INFO] ApiDb:250 - Set database path to: C:\Users\xdocka15\.stmcufinder\plugins\mcufinder//mcu/
2024-10-02 07:55:48,970 [WARN] DbFile:41 - Overriding database path with different value: C:\Users\xdocka15\.stmcufinder\plugins\mcufinder/ => C:\Users\xdocka15\.stmcufinder\plugins\mcufinder
2024-10-02 07:55:48,970 [INFO] DbMcusAds:125 - Set database path to: C:\Users\xdocka15\.stmcufinder\plugins\mcufinder//mcu/
2024-10-02 07:55:48,970 [WARN] DbFile:41 - Overriding database path with different value: C:\Users\xdocka15\.stmcufinder\plugins\mcufinder/ => C:\Users\xdocka15\.stmcufinder\plugins\mcufinder
2024-10-02 07:55:48,970 [WARN] DbFile:41 - Overriding database path with different value: C:\Users\xdocka15\.stmcufinder\plugins\mcufinder/ => C:\Users\xdocka15\.stmcufinder\plugins\mcufinder
2024-10-02 07:55:48,970 [INFO] CrossReferenceDbSqlite:203 - Set database path to: C:\Users\xdocka15\.stmcufinder\plugins\mcufinder//mcu/cs/
2024-10-02 07:55:48,995 [INFO] ApplicationProperties:184 - Using Application install path: C:\appz\ST\STM32CubeIDE_1.10.1\STM32CubeIDE\plugins\com.st.stm32cube.common.mx_6.12.0.202406281431
2024-10-02 07:55:48,997 [INFO] PluginManage:196 - Search for loadable plugins [exclusion list=, ]
2024-10-02 07:55:49,000 [INFO] PluginManage:310 - Check plugin analytics
2024-10-02 07:55:49,277 [INFO] AnalyticsPlugin:253 - Accepted Software Licenses: 
2024-10-02 07:55:49,280 [INFO] AnalyticsPlugin:255 - Accepted CMSIS Pack Licenses: 
2024-10-02 07:55:49,281 [INFO] AnalyticsPlugin:257 - Accepted Firmware Licenses: 
2024-10-02 07:55:49,286 [INFO] PluginManage:359 - Loaded plugin analytics (category:tool,tabindex:-1)
2024-10-02 07:55:49,286 [INFO] PluginManage:310 - Check plugin cadmodel
2024-10-02 07:55:49,300 [INFO] CADModel:105 - Init CAD model plugin
2024-10-02 07:55:49,300 [INFO] PluginManage:359 - Loaded plugin cadmodel (category:power,tabindex:5)
2024-10-02 07:55:49,301 [INFO] PluginManage:310 - Check plugin clock
2024-10-02 07:55:49,320 [INFO] PluginManage:359 - Loaded plugin clock (category:base,tabindex:2)
2024-10-02 07:55:49,320 [INFO] PluginManage:310 - Check plugin ddr
2024-10-02 07:55:49,323 [INFO] PluginManage:359 - Loaded plugin ddr (category:tool,tabindex:6)
2024-10-02 07:55:49,324 [INFO] PluginManage:310 - Check plugin filemanager
2024-10-02 07:55:49,552 [INFO] PluginManage:359 - Loaded plugin filemanager (category:base,tabindex:10)
2024-10-02 07:55:49,553 [INFO] PluginManage:310 - Check plugin ipmanager
2024-10-02 07:55:49,613 [INFO] PluginManage:359 - Loaded plugin ipmanager (category:base,tabindex:5)
2024-10-02 07:55:49,613 [INFO] PluginManage:310 - Check plugin lpbam
2024-10-02 07:55:49,626 [INFO] PluginManage:359 - Loaded plugin lpbam (category:base,tabindex:0)
2024-10-02 07:55:49,627 [INFO] PluginManage:310 - Check plugin memorymap
2024-10-02 07:55:49,647 [INFO] PluginManage:359 - Loaded plugin memorymap (category:base,tabindex:4)
2024-10-02 07:55:49,647 [INFO] PluginManage:310 - Check plugin pinoutandconfiguration
2024-10-02 07:55:49,660 [INFO] PluginManage:359 - Loaded plugin pinoutandconfiguration (category:base,tabindex:1)
2024-10-02 07:55:49,660 [INFO] PluginManage:310 - Check plugin pinoutconfig
2024-10-02 07:55:49,832 [WARN] SupportedApi:132 - Cannot load RTOS API schema: s4s-elt-must-match.1: The content of 'definitions' must match (annotation?, (simpleType | complexType)?, (unique | key | keyref)*)). A problem was found starting at: attribute.
2024-10-02 07:55:50,021 [INFO] PluginManage:359 - Loaded plugin pinoutconfig (category:base,tabindex:0)
2024-10-02 07:55:50,022 [INFO] PluginManage:310 - Check plugin power
2024-10-02 07:55:50,035 [INFO] PluginManage:359 - Loaded plugin power (category:power,tabindex:4)
2024-10-02 07:55:50,035 [INFO] PluginManage:310 - Check plugin projectmanager
2024-10-02 07:55:50,060 [INFO] PluginManage:359 - Loaded plugin projectmanager (category:projectmanager,tabindex:4)
2024-10-02 07:55:50,061 [INFO] PluginManage:310 - Check plugin rif
2024-10-02 07:55:50,069 [INFO] PluginManage:359 - Loaded plugin rif (category:base,tabindex:3)
2024-10-02 07:55:50,070 [INFO] PluginManage:310 - Check plugin thirdparty
2024-10-02 07:55:50,253 [INFO] PluginManage:359 - Loaded plugin thirdparty (category:base,tabindex:-1)
2024-10-02 07:55:50,253 [INFO] PluginManage:310 - Check plugin tools
2024-10-02 07:55:50,253 [WARN] IntegrityCheckThread:84 - waiting for thirdparty lock release [integrity check]
2024-10-02 07:55:50,254 [INFO] IntegrityCheckThread:86 - entering critical section [integrity check]
2024-10-02 07:55:50,255 [INFO] ThirdPartyUpdaterWithRetryManager:70 - Updater plugin not ready yet. [1/15]
2024-10-02 07:55:50,258 [INFO] PluginManage:359 - Loaded plugin tools (category:base,tabindex:7)
2024-10-02 07:55:50,259 [INFO] PluginManage:310 - Check plugin tutovideos
2024-10-02 07:55:50,467 [INFO] PluginManage:359 - Loaded plugin tutovideos (category:base,tabindex:-1)
2024-10-02 07:55:50,468 [INFO] PluginManage:310 - Check plugin updater
2024-10-02 07:55:50,489 [INFO] PluginManage:359 - Loaded plugin updater (category:base,tabindex:12)
2024-10-02 07:55:50,489 [INFO] PluginManage:310 - Check plugin userauth
2024-10-02 07:55:50,497 [INFO] UserAuth:113 - Init User Auth plugin
2024-10-02 07:55:50,497 [INFO] PluginManage:359 - Loaded plugin userauth (category:base,tabindex:14)
2024-10-02 07:55:50,498 [INFO] PluginManage:283 - PluginManage : Loaded plugins [18]
2024-10-02 07:55:50,774 [INFO] PinOutPanel:1561 - setPackage(No Configuration,No Configuration)
2024-10-02 07:55:50,922 [INFO] CADModel:165 - CPN selected for project level
2024-10-02 07:55:50,922 [INFO] CADModel:114 - Register for checkConnection events
2024-10-02 07:55:50,944 [INFO] IPUIPlugin:80 - create IPUIPlugin
2024-10-02 07:55:50,944 [INFO] PluginManager:220 - loadIPPluginJar : add adc
2024-10-02 07:55:50,948 [INFO] IPUIPlugin:80 - create IPUIPlugin
2024-10-02 07:55:50,948 [INFO] PluginManager:220 - loadIPPluginJar : add aes
2024-10-02 07:55:50,952 [INFO] IPUIPlugin:80 - create IPUIPlugin
2024-10-02 07:55:50,953 [INFO] PluginManager:220 - loadIPPluginJar : add can
2024-10-02 07:55:50,956 [INFO] IPUIPlugin:80 - create IPUIPlugin
2024-10-02 07:55:50,956 [INFO] PluginManager:220 - loadIPPluginJar : add comp
2024-10-02 07:55:50,961 [INFO] IPUIPlugin:80 - create IPUIPlugin
2024-10-02 07:55:50,961 [INFO] PluginManager:220 - loadIPPluginJar : add cryp
2024-10-02 07:55:50,966 [INFO] IPUIPlugin:80 - create IPUIPlugin
2024-10-02 07:55:50,966 [INFO] PluginManager:220 - loadIPPluginJar : add ddr_ctrl_phy
2024-10-02 07:55:50,971 [INFO] IPUIPlugin:80 - create IPUIPlugin
2024-10-02 07:55:50,971 [INFO] PluginManager:220 - loadIPPluginJar : add dfsdm
2024-10-02 07:55:50,979 [INFO] IPUIPlugin:80 - create IPUIPlugin
2024-10-02 07:55:50,980 [INFO] PluginManager:220 - loadIPPluginJar : add dma
2024-10-02 07:55:50,985 [INFO] IPUIPlugin:80 - create IPUIPlugin
2024-10-02 07:55:50,985 [INFO] PluginManager:220 - loadIPPluginJar : add dma3
2024-10-02 07:55:50,991 [INFO] IPUIPlugin:80 - create IPUIPlugin
2024-10-02 07:55:50,991 [INFO] PluginManager:220 - loadIPPluginJar : add extmemmanager
2024-10-02 07:55:50,994 [INFO] IPUIPlugin:80 - create IPUIPlugin
2024-10-02 07:55:50,995 [INFO] PluginManager:220 - loadIPPluginJar : add fatfs
2024-10-02 07:55:51,003 [INFO] IPUIPlugin:80 - create IPUIPlugin
2024-10-02 07:55:51,004 [INFO] PluginManager:220 - loadIPPluginJar : add fmc
2024-10-02 07:55:51,013 [INFO] IPUIPlugin:80 - create IPUIPlugin
2024-10-02 07:55:51,013 [INFO] PluginManager:220 - loadIPPluginJar : add freertos
2024-10-02 07:55:51,017 [INFO] IPUIPlugin:80 - create IPUIPlugin
2024-10-02 07:55:51,017 [INFO] PluginManager:220 - loadIPPluginJar : add genericplugin
2024-10-02 07:55:51,021 [INFO] IPUIPlugin:80 - create IPUIPlugin
2024-10-02 07:55:51,021 [INFO] PluginManager:220 - loadIPPluginJar : add gfxmmu
2024-10-02 07:55:51,027 [INFO] IPUIPlugin:80 - create IPUIPlugin
2024-10-02 07:55:51,028 [INFO] PluginManager:220 - loadIPPluginJar : add gic
2024-10-02 07:55:51,034 [INFO] IPUIPlugin:80 - create IPUIPlugin
2024-10-02 07:55:51,034 [INFO] PluginManager:220 - loadIPPluginJar : add gpio
2024-10-02 07:55:51,040 [INFO] IPUIPlugin:80 - create IPUIPlugin
2024-10-02 07:55:51,040 [INFO] PluginManager:220 - loadIPPluginJar : add gtzc
2024-10-02 07:55:51,045 [INFO] IPUIPlugin:80 - create IPUIPlugin
2024-10-02 07:55:51,045 [INFO] PluginManager:220 - loadIPPluginJar : add hash
2024-10-02 07:55:51,049 [INFO] IPUIPlugin:80 - create IPUIPlugin
2024-10-02 07:55:51,050 [INFO] PluginManager:220 - loadIPPluginJar : add i2c
2024-10-02 07:55:51,054 [INFO] IPUIPlugin:80 - create IPUIPlugin
2024-10-02 07:55:51,055 [INFO] PluginManager:220 - loadIPPluginJar : add i2s
2024-10-02 07:55:51,059 [INFO] IPUIPlugin:80 - create IPUIPlugin
2024-10-02 07:55:51,060 [INFO] PluginManager:220 - loadIPPluginJar : add i3c
2024-10-02 07:55:51,065 [INFO] IPUIPlugin:80 - create IPUIPlugin
2024-10-02 07:55:51,065 [INFO] PluginManager:220 - loadIPPluginJar : add ipddr
2024-10-02 07:55:51,075 [INFO] IPUIPlugin:80 - create IPUIPlugin
2024-10-02 07:55:51,075 [INFO] PluginManager:220 - loadIPPluginJar : add linkedlist
2024-10-02 07:55:51,080 [INFO] IPUIPlugin:80 - create IPUIPlugin
2024-10-02 07:55:51,080 [INFO] PluginManager:220 - loadIPPluginJar : add lorawan
2024-10-02 07:55:51,084 [INFO] IPUIPlugin:80 - create IPUIPlugin
2024-10-02 07:55:51,084 [INFO] PluginManager:220 - loadIPPluginJar : add ltdc
2024-10-02 07:55:51,092 [INFO] IPUIPlugin:80 - create IPUIPlugin
2024-10-02 07:55:51,092 [INFO] PluginManager:220 - loadIPPluginJar : add mdma
2024-10-02 07:55:51,098 [INFO] IPUIPlugin:80 - create IPUIPlugin
2024-10-02 07:55:51,098 [INFO] PluginManager:220 - loadIPPluginJar : add nvic
2024-10-02 07:55:51,103 [INFO] IPUIPlugin:80 - create IPUIPlugin
2024-10-02 07:55:51,104 [INFO] PluginManager:220 - loadIPPluginJar : add opamp
2024-10-02 07:55:51,109 [INFO] IPUIPlugin:80 - create IPUIPlugin
2024-10-02 07:55:51,109 [INFO] PluginManager:220 - loadIPPluginJar : add openamp
2024-10-02 07:55:51,114 [INFO] IPUIPlugin:80 - create IPUIPlugin
2024-10-02 07:55:51,115 [INFO] PluginManager:220 - loadIPPluginJar : add pdm2pcm
2024-10-02 07:55:51,124 [INFO] IPUIPlugin:80 - create IPUIPlugin
2024-10-02 07:55:51,127 [INFO] PluginManager:220 - loadIPPluginJar : add plateformsettings
2024-10-02 07:55:51,131 [INFO] IPUIPlugin:80 - create IPUIPlugin
2024-10-02 07:55:51,131 [INFO] PluginManager:220 - loadIPPluginJar : add quadspi
2024-10-02 07:55:51,135 [INFO] IPUIPlugin:80 - create IPUIPlugin
2024-10-02 07:55:51,136 [INFO] PluginManager:220 - loadIPPluginJar : add radio
2024-10-02 07:55:51,143 [INFO] IPUIPlugin:80 - create IPUIPlugin
2024-10-02 07:55:51,144 [INFO] PluginManager:220 - loadIPPluginJar : add resmgrutility
2024-10-02 07:55:51,150 [INFO] IPUIPlugin:80 - create IPUIPlugin
2024-10-02 07:55:51,150 [INFO] PluginManager:220 - loadIPPluginJar : add sai
2024-10-02 07:55:51,155 [INFO] IPUIPlugin:80 - create IPUIPlugin
2024-10-02 07:55:51,156 [INFO] PluginManager:220 - loadIPPluginJar : add spi
2024-10-02 07:55:51,164 [INFO] IPUIPlugin:80 - create IPUIPlugin
2024-10-02 07:55:51,165 [INFO] PluginManager:220 - loadIPPluginJar : add stm32_wpan
2024-10-02 07:55:51,168 [INFO] IPUIPlugin:80 - create IPUIPlugin
2024-10-02 07:55:51,169 [INFO] PluginManager:220 - loadIPPluginJar : add tim
2024-10-02 07:55:51,175 [INFO] IPUIPlugin:80 - create IPUIPlugin
2024-10-02 07:55:51,176 [INFO] PluginManager:220 - loadIPPluginJar : add touchsensing
2024-10-02 07:55:51,180 [INFO] IPUIPlugin:80 - create IPUIPlugin
2024-10-02 07:55:51,180 [INFO] PluginManager:220 - loadIPPluginJar : add tracer_emb
2024-10-02 07:55:51,184 [INFO] IPUIPlugin:80 - create IPUIPlugin
2024-10-02 07:55:51,184 [INFO] PluginManager:220 - loadIPPluginJar : add ts
2024-10-02 07:55:51,187 [INFO] IPUIPlugin:80 - create IPUIPlugin
2024-10-02 07:55:51,188 [INFO] PluginManager:220 - loadIPPluginJar : add tsc
2024-10-02 07:55:51,192 [INFO] IPUIPlugin:80 - create IPUIPlugin
2024-10-02 07:55:51,192 [INFO] PluginManager:220 - loadIPPluginJar : add ucpd
2024-10-02 07:55:51,198 [INFO] IPUIPlugin:80 - create IPUIPlugin
2024-10-02 07:55:51,198 [INFO] PluginManager:220 - loadIPPluginJar : add usart
2024-10-02 07:55:51,203 [INFO] IPUIPlugin:80 - create IPUIPlugin
2024-10-02 07:55:51,203 [INFO] PluginManager:220 - loadIPPluginJar : add usbx
2024-10-02 07:55:51,350 [INFO] CADModel:165 - CPN selected for project level
2024-10-02 07:55:51,350 [INFO] CADModel:114 - Register for checkConnection events
2024-10-02 07:55:51,350 [FATAL] Updater:334 - Updater called before beeing initialized
2024-10-02 07:55:51,350 [ERROR] CADModel:125 - Updater not yet initialized, retry later 
2024-10-02 07:55:51,487 [INFO] CADModel:165 - CPN selected for project level
2024-10-02 07:55:51,487 [INFO] CADModel:114 - Register for checkConnection events
2024-10-02 07:55:51,487 [FATAL] Updater:334 - Updater called before beeing initialized
2024-10-02 07:55:51,487 [ERROR] CADModel:125 - Updater not yet initialized, retry later 
2024-10-02 07:55:51,492 [FATAL] Updater:334 - Updater called before beeing initialized
2024-10-02 07:55:51,659 [FATAL] Updater:334 - Updater called before beeing initialized
2024-10-02 07:55:51,664 [INFO] DbMcusAds:53 - JSON generation date=Fri Sep 20 15:04:23 CEST 2024 (1726837463098)
2024-10-02 07:55:51,664 [FATAL] Updater:334 - Updater called before beeing initialized
2024-10-02 07:55:51,717 [WARN] DetailPanel:346 - Failed to get advertising image, set to default
2024-10-02 07:55:51,843 [FATAL] Updater:334 - Updater called before beeing initialized
2024-10-02 07:55:51,846 [FATAL] Updater:334 - Updater called before beeing initialized
2024-10-02 07:55:51,846 [FATAL] Updater:334 - Updater called before beeing initialized
2024-10-02 07:55:51,846 [WARN] DetailPanel:346 - Failed to get advertising image, set to default
2024-10-02 07:55:51,847 [FATAL] Updater:334 - Updater called before beeing initialized
2024-10-02 07:55:51,996 [ERROR] Updater:1164 - MainUpdater not yet initialized. External WinMGr cannot be set.
2024-10-02 07:55:52,000 [INFO] Updater:1100 - Updater Version found : 6.12.0
2024-10-02 07:55:52,023 [INFO] ApplicationProperties:184 - Using Application install path: C:\appz\ST\STM32CubeIDE_1.10.1\STM32CubeIDE\plugins\com.st.stm32cube.common.mx_6.12.0.202406281431
2024-10-02 07:55:52,389 [INFO] MainUpdater:2873 - connection check result : 10
2024-10-02 07:55:52,390 [INFO] MainUpdater:3567 - Updater definition file requires update
2024-10-02 07:55:52,391 [INFO] MainUpdater:290 - Updater Check For Update Now.
2024-10-02 07:55:52,391 [INFO] MicroXplorer:498 - Change Database Version : DB.6.0.120
2024-10-02 07:55:52,399 [INFO] McuFinderGlobals:63 - Set McuFinder mode to 2 (CubeIDE integrated)
2024-10-02 07:55:52,399 [INFO] UserAuth:179 - activating auth plugin
2024-10-02 07:55:52,403 [INFO] UserAuth:417 - Internet connection configuration mode: 1
2024-10-02 07:55:52,408 [INFO] ServerAccessManage:473 - Download File updaters.zip
2024-10-02 07:55:52,433 [INFO] JxBrowserEngine:152 - Initiate JxBrowser Engine with user profile folder
2024-10-02 07:55:52,492 [INFO] FileExtend:240 - Unzip File : updaters.zip
2024-10-02 07:55:52,492 [INFO] FileExtend:255 - Standard Zip Deflate
2024-10-02 07:55:52,954 [INFO] ServerAccessManage:473 - Download File PacksControlFlags.xml
2024-10-02 07:55:53,024 [INFO] ServerAccessManage:473 - Download File cubemx.pidx
2024-10-02 07:55:53,259 [WARN] MainUpdater:1194 - Updater busy. Cannot search thirdparties
2024-10-02 07:55:53,260 [INFO] ThirdPartyUpdaterWithRetryManager:96 - Updater plugin is busy. [1/15]
2024-10-02 07:55:54,037 [INFO] ServerAccessManage:473 - Download File STMicroelectronics.X-CUBE-AI.pdsc
2024-10-02 07:55:54,568 [INFO] WebApp:167 - Instantiating new browser for Auth
2024-10-02 07:55:55,338 [INFO] ServerAccessManage:473 - Download File STMicroelectronics.X-CUBE-NFC9.pdsc
2024-10-02 07:55:55,408 [INFO] ServerAccessManage:473 - Download File STMicroelectronics.X-CUBE-NFC10.pdsc
2024-10-02 07:55:56,262 [WARN] MainUpdater:1194 - Updater busy. Cannot search thirdparties
2024-10-02 07:55:56,262 [INFO] ThirdPartyUpdaterWithRetryManager:96 - Updater plugin is busy. [2/15]
2024-10-02 07:55:56,279 [INFO] WebApp:448 - Apply proxy settings
2024-10-02 07:55:56,280 [INFO] WebApp:533 - Chromium requires no authentication
2024-10-02 07:55:56,293 [INFO] WebApp:476 - Direct internet connection detected
2024-10-02 07:55:56,352 [INFO] WebApp:869 - Register for checkConnection events
2024-10-02 07:55:56,352 [INFO] WebApp:448 - Apply proxy settings
2024-10-02 07:55:56,353 [INFO] WebApp:533 - Chromium requires no authentication
2024-10-02 07:55:56,354 [INFO] WebApp:476 - Direct internet connection detected
2024-10-02 07:55:56,499 [WARN] PackLoader:240 - Cannot read IP mode file for STMicroelectronics.X-CUBE-AI.9.1.0
2024-10-02 07:55:56,524 [WARN] PackLoader:240 - Cannot read IP mode file for STMicroelectronics.X-CUBE-NFC9.1.0.0
2024-10-02 07:55:56,564 [WARN] PackLoader:240 - Cannot read IP mode file for STMicroelectronics.X-CUBE-NFC10.1.0.0
2024-10-02 07:55:56,573 [INFO] PopulateThirdPartyThread:66 - Ending populate Thread
2024-10-02 07:55:56,576 [INFO] ThirdParty:1030 - CMSIS Pack Vendor :STMicroelectronics X-CUBE-NFC9 1.0.0
2024-10-02 07:55:56,576 [INFO] ThirdParty:1030 - CMSIS Pack Vendor :STMicroelectronics X-CUBE-AI 9.1.0
2024-10-02 07:55:56,576 [INFO] ThirdParty:1030 - CMSIS Pack Vendor :STMicroelectronics X-CUBE-NFC10 1.0.0
2024-10-02 07:55:56,577 [INFO] LoadServerUpdatesThread:375 - End of LoadServerUpdate Thread
2024-10-02 07:55:56,817 [INFO] WebApp:220 - Starting web application
2024-10-02 07:55:56,817 [INFO] WebApp:578 - Web application path used C:\appz\ST\STM32CubeIDE_1.10.1\STM32CubeIDE\plugins\com.st.stm32cube.common.mx_6.12.0.202406281431\db\plugins\mcufinder\reactClient1\index.html
2024-10-02 07:55:57,594 [INFO] WebApp:186 - Connection restablished
2024-10-02 07:55:57,595 [INFO] CheckServerUpdateThread:120 - End of CheckServer Thread
2024-10-02 07:55:59,969 [WARN] PackLoader:240 - Cannot read IP mode file for STMicroelectronics.FP-SNS-MOTENVWB1.1.4.0
2024-10-02 07:56:00,132 [WARN] PackLoader:240 - Cannot read IP mode file for STMicroelectronics.X-CUBE-SMBUS.2.1.0
2024-10-02 07:56:00,177 [WARN] PackLoader:240 - Cannot read IP mode file for STMicroelectronics.X-CUBE-AZRTOS-F7.1.1.0
2024-10-02 07:56:00,256 [WARN] PackLoader:240 - Cannot read IP mode file for STMicroelectronics.X-CUBE-MEMS1.11.0.0
2024-10-02 07:56:00,462 [WARN] PackLoader:240 - Cannot read IP mode file for STMicroelectronics.FP-SNS-FLIGHT1.5.0.2
2024-10-02 07:56:00,472 [WARN] PackLoader:240 - Cannot read IP mode file for STMicroelectronics.X-CUBE-DISPLAY.3.0.0
2024-10-02 07:56:00,484 [WARN] PackLoader:240 - Cannot read IP mode file for STMicroelectronics.X-CUBE-BLE1.7.0.0
2024-10-02 07:56:00,493 [WARN] PackLoader:240 - Cannot read IP mode file for STMicroelectronics.X-CUBE-NFC10.1.0.0
2024-10-02 07:56:00,503 [WARN] PackLoader:240 - Cannot read IP mode file for emotas.I-CUBE-CANOPEN.1.3.0
2024-10-02 07:56:00,516 [WARN] PackLoader:240 - Cannot read IP mode file for STMicroelectronics.X-CUBE-BLEMGR.3.1.0
2024-10-02 07:56:00,527 [WARN] PackLoader:240 - Cannot read IP mode file for STMicroelectronics.FP-SNS-SMARTAG2.1.2.0
2024-10-02 07:56:00,539 [INFO] LogOutputStream:77 - [STDOUT_REDIRECT] 1 : Invalid condition id : UX_CORESTACK_Condition cause : null
2024-10-02 07:56:00,540 [INFO] LogOutputStream:77 - [STDOUT_REDIRECT] 1 : Invalid condition id : UX_CORESTACK_Condition cause : null
2024-10-02 07:56:00,542 [INFO] LogOutputStream:77 - [STDOUT_REDIRECT] 1 : Invalid condition id : UX_CORESTACK_Condition cause : null
2024-10-02 07:56:00,545 [INFO] LogOutputStream:77 - [STDOUT_REDIRECT] 1 : Invalid condition id : UX_CORESTACK_Condition cause : null
2024-10-02 07:56:00,547 [INFO] LogOutputStream:77 - [STDOUT_REDIRECT] 1 : Invalid condition id : UX_CORESTACK_Condition cause : null
2024-10-02 07:56:00,551 [WARN] PackLoader:240 - Cannot read IP mode file for STMicroelectronics.X-CUBE-AZRTOS-WL.2.0.0
2024-10-02 07:56:00,559 [WARN] PackLoader:240 - Cannot read IP mode file for STMicroelectronics.FP-SNS-MOTENV1.5.0.0
2024-10-02 07:56:00,569 [WARN] PackLoader:240 - Cannot read IP mode file for wolfSSL.I-CUBE-wolfMQTT.1.19.0
2024-10-02 07:56:00,579 [WARN] PackLoader:240 - Cannot read IP mode file for WES.I-CUBE-Cesium.1.3.0
2024-10-02 07:56:00,585 [WARN] PackLoader:240 - Cannot read IP mode file for STMicroelectronics.X-CUBE-BLE2.3.3.0
2024-10-02 07:56:00,593 [WARN] PackLoader:240 - Cannot read IP mode file for STMicroelectronics.X-CUBE-NFC9.1.0.0
2024-10-02 07:56:00,603 [WARN] PackLoader:240 - Cannot read IP mode file for STMicroelectronics.X-CUBE-TCPP.4.1.0
2024-10-02 07:56:00,622 [WARN] PackLoader:240 - Cannot read IP mode file for STMicroelectronics.X-CUBE-AZRTOS-G0.1.1.0
2024-10-02 07:56:00,635 [WARN] PackLoader:240 - Cannot read IP mode file for STMicroelectronics.X-CUBE-SAFEA1.1.2.2
2024-10-02 07:56:00,644 [WARN] PackLoader:240 - Cannot read IP mode file for STMicroelectronics.X-CUBE-NFC4.3.0.0
2024-10-02 07:56:00,659 [WARN] PackLoader:240 - Cannot read IP mode file for EmbeddedOffice.I-CUBE-FS-RTOS.1.0.1
2024-10-02 07:56:00,659 [ERROR] ConditionMgr:805 - Attr not supported : Dmpu
2024-10-02 07:56:00,660 [ERROR] ConditionMgr:805 - Attr not supported : Dmpu
2024-10-02 07:56:00,660 [ERROR] ConditionMgr:805 - Attr not supported : Dmpu
2024-10-02 07:56:00,661 [ERROR] ConditionMgr:805 - Attr not supported : Dmpu
2024-10-02 07:56:00,661 [ERROR] ConditionMgr:805 - Attr not supported : Dmpu
2024-10-02 07:56:00,661 [ERROR] ConditionMgr:805 - Attr not supported : Dmpu
2024-10-02 07:56:00,661 [ERROR] ConditionMgr:805 - Attr not supported : Dmpu
2024-10-02 07:56:00,661 [ERROR] ConditionMgr:805 - Attr not supported : Dmpu
2024-10-02 07:56:00,661 [ERROR] ConditionMgr:805 - Attr not supported : Dmpu
2024-10-02 07:56:00,661 [ERROR] ConditionMgr:805 - Attr not supported : Dmpu
2024-10-02 07:56:00,661 [ERROR] ConditionMgr:805 - Attr not supported : Dmpu
2024-10-02 07:56:00,662 [ERROR] ConditionMgr:805 - Attr not supported : Dmpu
2024-10-02 07:56:00,662 [ERROR] ConditionMgr:805 - Attr not supported : Dmpu
2024-10-02 07:56:00,662 [ERROR] ConditionMgr:805 - Attr not supported : Dmpu
2024-10-02 07:56:00,662 [ERROR] ConditionMgr:805 - Attr not supported : Dmpu
2024-10-02 07:56:00,662 [ERROR] ConditionMgr:805 - Attr not supported : Dmpu
2024-10-02 07:56:00,662 [ERROR] ConditionMgr:805 - Attr not supported : Dmpu
2024-10-02 07:56:00,662 [ERROR] ConditionMgr:805 - Attr not supported : Dmpu
2024-10-02 07:56:00,662 [ERROR] ConditionMgr:805 - Attr not supported : Dmpu
2024-10-02 07:56:00,662 [ERROR] ConditionMgr:805 - Attr not supported : Dmpu
2024-10-02 07:56:00,662 [ERROR] ConditionMgr:805 - Attr not supported : Dmpu
2024-10-02 07:56:00,662 [ERROR] ConditionMgr:805 - Attr not supported : Dmpu
2024-10-02 07:56:00,663 [ERROR] ConditionMgr:805 - Attr not supported : Dmpu
2024-10-02 07:56:00,663 [ERROR] ConditionMgr:805 - Attr not supported : Dmpu
2024-10-02 07:56:00,663 [ERROR] ConditionMgr:805 - Attr not supported : Dmpu
2024-10-02 07:56:00,663 [ERROR] ConditionMgr:805 - Attr not supported : Dmpu
2024-10-02 07:56:00,663 [ERROR] ConditionMgr:805 - Attr not supported : Dmpu
2024-10-02 07:56:00,663 [ERROR] ConditionMgr:805 - Attr not supported : Dmpu
2024-10-02 07:56:00,663 [ERROR] ConditionMgr:805 - Attr not supported : Dmpu
2024-10-02 07:56:00,663 [ERROR] ConditionMgr:805 - Attr not supported : Dmpu
2024-10-02 07:56:00,663 [ERROR] ConditionMgr:805 - Attr not supported : Dmpu
2024-10-02 07:56:00,663 [ERROR] ConditionMgr:805 - Attr not supported : Dmpu
2024-10-02 07:56:00,663 [ERROR] ConditionMgr:805 - Attr not supported : Dmpu
2024-10-02 07:56:00,663 [ERROR] ConditionMgr:805 - Attr not supported : Dmpu
2024-10-02 07:56:00,664 [ERROR] ConditionMgr:805 - Attr not supported : Dmpu
2024-10-02 07:56:00,664 [ERROR] ConditionMgr:805 - Attr not supported : Dmpu
2024-10-02 07:56:00,664 [ERROR] ConditionMgr:805 - Attr not supported : Dmpu
2024-10-02 07:56:00,664 [ERROR] ConditionMgr:805 - Attr not supported : Dmpu
2024-10-02 07:56:00,664 [ERROR] ConditionMgr:805 - Attr not supported : Dmpu
2024-10-02 07:56:00,664 [ERROR] ConditionMgr:805 - Attr not supported : Dmpu
2024-10-02 07:56:00,664 [ERROR] ConditionMgr:805 - Attr not supported : Dmpu
2024-10-02 07:56:00,664 [ERROR] ConditionMgr:805 - Attr not supported : Dmpu
2024-10-02 07:56:00,664 [ERROR] ConditionMgr:805 - Attr not supported : Dmpu
2024-10-02 07:56:00,664 [ERROR] ConditionMgr:805 - Attr not supported : Dmpu
2024-10-02 07:56:00,665 [ERROR] ConditionMgr:805 - Attr not supported : Dmpu
2024-10-02 07:56:00,665 [ERROR] ConditionMgr:805 - Attr not supported : Dmpu
2024-10-02 07:56:00,665 [ERROR] ConditionMgr:805 - Attr not supported : Dmpu
2024-10-02 07:56:00,665 [ERROR] ConditionMgr:805 - Attr not supported : Dmpu
2024-10-02 07:56:00,665 [ERROR] ConditionMgr:805 - Attr not supported : Dmpu
2024-10-02 07:56:00,665 [ERROR] ConditionMgr:805 - Attr not supported : Dmpu
2024-10-02 07:56:00,665 [ERROR] ConditionMgr:805 - Attr not supported : Dmpu
2024-10-02 07:56:00,665 [ERROR] ConditionMgr:805 - Attr not supported : Dmpu
2024-10-02 07:56:00,665 [ERROR] ConditionMgr:805 - Attr not supported : Dmpu
2024-10-02 07:56:00,665 [ERROR] ConditionMgr:805 - Attr not supported : Dmpu
2024-10-02 07:56:00,666 [ERROR] ConditionMgr:805 - Attr not supported : Dmpu
2024-10-02 07:56:00,666 [ERROR] ConditionMgr:805 - Attr not supported : Dmpu
2024-10-02 07:56:00,666 [ERROR] ConditionMgr:805 - Attr not supported : Dmpu
2024-10-02 07:56:00,666 [ERROR] ConditionMgr:805 - Attr not supported : Dmpu
2024-10-02 07:56:00,666 [ERROR] ConditionMgr:805 - Attr not supported : Dmpu
2024-10-02 07:56:00,666 [ERROR] ConditionMgr:805 - Attr not supported : Dmpu
2024-10-02 07:56:00,666 [ERROR] ConditionMgr:805 - Attr not supported : Dmpu
2024-10-02 07:56:00,666 [ERROR] ConditionMgr:805 - Attr not supported : Dmpu
2024-10-02 07:56:00,666 [ERROR] ConditionMgr:805 - Attr not supported : Dmpu
2024-10-02 07:56:00,667 [ERROR] ConditionMgr:805 - Attr not supported : Dmpu
2024-10-02 07:56:00,674 [WARN] PackLoader:240 - Cannot read IP mode file for RealThread.X-CUBE-RT-Thread_Nano.4.1.1
2024-10-02 07:56:00,681 [WARN] PackLoader:240 - Cannot read IP mode file for STMicroelectronics.FP-ATR-SIGFOX1.3.2.0
2024-10-02 07:56:00,688 [WARN] PackLoader:240 - Cannot read IP mode file for wolfSSL.I-CUBE-wolfSSL.5.7.2
2024-10-02 07:56:00,697 [WARN] PackLoader:240 - Cannot read IP mode file for STMicroelectronics.X-CUBE-EEPRMA1.5.1.0
2024-10-02 07:56:00,707 [WARN] PackLoader:240 - Cannot read IP mode file for ITTIA_DB.I-CUBE-ITTIADB.8.9.0
2024-10-02 07:56:00,750 [WARN] PackLoader:240 - Cannot read IP mode file for SEGGER.I-CUBE-embOS.1.3.1
2024-10-02 07:56:00,811 [WARN] PackLoader:240 - Cannot read IP mode file for STMicroelectronics.X-CUBE-ALGOBUILD.1.4.0
2024-10-02 07:56:00,817 [WARN] PackLoader:240 - Cannot read IP mode file for STMicroelectronics.X-CUBE-AI.9.1.0
2024-10-02 07:56:00,834 [WARN] PackLoader:240 - Cannot read IP mode file for STMicroelectronics.X-CUBE-AZRTOS-F4.1.1.0
2024-10-02 07:56:00,843 [WARN] PackLoader:240 - Cannot read IP mode file for STMicroelectronics.X-CUBE-ISPU.2.1.0
2024-10-02 07:56:00,850 [WARN] PackLoader:240 - Cannot read IP mode file for STMicroelectronics.X-CUBE-FREERTOS.1.2.0
2024-10-02 07:56:00,869 [WARN] PackLoader:240 - Cannot read IP mode file for STMicroelectronics.X-CUBE-AZRTOS-L5.2.0.0
2024-10-02 07:56:00,886 [WARN] PackLoader:240 - Cannot read IP mode file for STMicroelectronics.X-CUBE-NFC6.3.1.0
2024-10-02 07:56:00,895 [WARN] PackLoader:240 - Cannot read IP mode file for STMicroelectronics.X-CUBE-DPower.1.2.0
2024-10-02 07:56:00,900 [WARN] PackLoader:240 - Cannot read IP mode file for STMicroelectronics.X-CUBE-AI.9.0.0
2024-10-02 07:56:00,907 [WARN] PackLoader:240 - Cannot read IP mode file for STMicroelectronics.X-CUBE-NFC7.1.0.1
2024-10-02 07:56:00,927 [WARN] ConditionMgr:438 - getConditionDescription Invalid condition id : LAN8742 Phy interface Condition cause : null
2024-10-02 07:56:00,928 [WARN] PackLoader:240 - Cannot read IP mode file for STMicroelectronics.X-CUBE-AZRTOS-L4.2.0.0
2024-10-02 07:56:00,930 [WARN] ConditionMgr:1039 - genDependencies : Invalid condition id : LAN8742 Phy interface Condition cause : null
2024-10-02 07:56:00,930 [WARN] ConditionMgr:1039 - genDependencies : Invalid condition id : LAN8742 Phy interface Condition cause : null
2024-10-02 07:56:00,931 [WARN] ConditionMgr:1039 - genDependencies : Invalid condition id : LAN8742 Phy interface Condition cause : null
2024-10-02 07:56:00,943 [WARN] PackLoader:240 - Cannot read IP mode file for STMicroelectronics.X-CUBE-SFXS2LP1.4.0.0
2024-10-02 07:56:00,968 [WARN] PackLoader:240 - Cannot read IP mode file for STMicroelectronics.X-CUBE-AZRTOS-H7.3.3.0
2024-10-02 07:56:00,986 [WARN] ConditionMgr:438 - getConditionDescription Invalid condition id : UX DEVICE CLASS RTOS Condition cause : null
2024-10-02 07:56:00,987 [WARN] ConditionMgr:438 - getConditionDescription Invalid condition id : UX DEVICE CLASS RTOS Condition cause : null
2024-10-02 07:56:00,989 [WARN] PackLoader:240 - Cannot read IP mode file for STMicroelectronics.X-CUBE-AZRTOS-WB.2.0.0
2024-10-02 07:56:00,990 [WARN] ConditionMgr:1039 - genDependencies : Invalid condition id : UX DEVICE CLASS RTOS Condition cause : null
2024-10-02 07:56:00,990 [WARN] ConditionMgr:1039 - genDependencies : Invalid condition id : UX DEVICE CLASS RTOS Condition cause : null
2024-10-02 07:56:00,990 [WARN] ConditionMgr:1039 - genDependencies : Invalid condition id : UX DEVICE CLASS RTOS Condition cause : null
2024-10-02 07:56:00,991 [WARN] ConditionMgr:1039 - genDependencies : Invalid condition id : UX DEVICE CLASS RTOS Condition cause : null
2024-10-02 07:56:00,991 [WARN] ConditionMgr:1039 - genDependencies : Invalid condition id : UX DEVICE CLASS RTOS Condition cause : null
2024-10-02 07:56:01,005 [WARN] PackLoader:240 - Cannot read IP mode file for STMicroelectronics.X-CUBE-GNSS1.7.0.0
2024-10-02 07:56:01,020 [WARN] PackLoader:240 - Cannot read IP mode file for STMicroelectronics.FP-SNS-STBOX1.2.0.0
2024-10-02 07:56:01,038 [WARN] PackLoader:240 - Cannot read IP mode file for STMicroelectronics.X-CUBE-SUBG2.5.0.0
2024-10-02 07:56:01,079 [WARN] PackLoader:240 - Cannot read IP mode file for Cesanta.I-CUBE-Mongoose.7.13.0
2024-10-02 07:56:01,103 [WARN] PackLoader:240 - Cannot read IP mode file for STMicroelectronics.X-CUBE-AZRTOS-G4.2.0.0
2024-10-02 07:56:01,111 [WARN] PackLoader:240 - Cannot read IP mode file for STMicroelectronics.X-CUBE-ALS.1.0.2
2024-10-02 07:56:01,117 [WARN] PackLoader:240 - Cannot read IP mode file for STMicroelectronics.X-CUBE-TOUCHGFX.4.24.1
2024-10-02 07:56:01,122 [WARN] PackLoader:240 - Cannot read IP mode file for wolfSSL.I-CUBE-wolfTPM.3.4.0
2024-10-02 07:56:01,130 [WARN] PackLoader:240 - Cannot read IP mode file for portGmbH.I-Cube-SoM-uGOAL.1.1.0
2024-10-02 07:56:01,162 [WARN] PackLoader:240 - Cannot read IP mode file for STMicroelectronics.X-CUBE-AZRTOS-H7RS.1.0.0
2024-10-02 07:56:01,170 [WARN] PackLoader:240 - Cannot read IP mode file for STMicroelectronics.FP-ATR-ASTRA1.2.0.0
2024-10-02 07:56:01,183 [WARN] PackLoader:240 - Cannot read IP mode file for STMicroelectronics.X-CUBE-TOF1.3.4.2
2024-10-02 07:56:01,218 [WARN] PackLoader:240 - Cannot read IP mode file for Infineon.AIROC-Wi-Fi-Bluetooth-STM32.1.6.1
2024-10-02 07:56:01,226 [WARN] PackLoader:240 - Cannot read IP mode file for wolfSSL.I-CUBE-wolfSSH.1.4.17
2024-10-02 07:56:01,227 [INFO] ThirdParty:978 - Integrity check success = true
2024-10-02 07:56:01,227 [INFO] IntegrityCheckThread:100 - exiting critical section [integrity check]
2024-10-02 07:56:01,227 [INFO] IntegrityCheckThread:103 - End integrity checks thread
2024-10-02 07:58:35,139 [ERROR] LogOutputStream:75 - [STDERR_REDIRECT] 
2024-10-02 07:58:46,860 [INFO] Activator:176 - 


2024-10-02 07:58:46,862 [INFO] Activator:177 - !SESSION log4j initialized
2024-10-02 07:58:50,089 [INFO] LogOutputStream:77 - [STDOUT_REDIRECT] 
2024-10-02 07:58:57,158 [INFO] ApplicationProperties:184 - Using Application install path: C:\appz\ST\STM32CubeIDE_1.10.1\STM32CubeIDE\plugins\com.st.stm32cube.common.mx_6.12.0.202406281431
2024-10-02 07:58:57,176 [INFO] DbMcusXml:78 - Set database path to: C:\appz\ST\STM32CubeIDE_1.10.1\STM32CubeIDE\plugins\com.st.stm32cube.common.mx_6.12.0.202406281431\\db\/mcu/
2024-10-02 07:58:57,177 [INFO] ApiDb:274 - Set plugin database path to: C:\appz\ST\STM32CubeIDE_1.10.1\STM32CubeIDE\plugins\com.st.stm32cube.common.mx_6.12.0.202406281431\\db\/plugins/boardmanager/
2024-10-02 07:58:57,177 [WARN] ApiDb:259 - Overriding images path with different value:  => C:\appz\ST\STM32CubeIDE_1.10.1\STM32CubeIDE\plugins\com.st.stm32cube.common.mx_6.12.0.202406281431\\db\/plugins/mcufinder/images/
2024-10-02 07:58:57,184 [INFO] ApiDb:250 - Set database path to: C:\Users\xdocka15\.stmcufinder\plugins\mcufinder//mcu/
2024-10-02 07:58:57,185 [INFO] DbMcusAds:125 - Set database path to: C:\Users\xdocka15\.stmcufinder\plugins\mcufinder//mcu/
2024-10-02 07:58:57,189 [INFO] CrossReferenceDbSqlite:203 - Set database path to: C:\Users\xdocka15\.stmcufinder\plugins\mcufinder//mcu/cs/
2024-10-02 07:58:57,391 [INFO] RulesReader:64 - Compatibility file has been processed (297 Rules)
2024-10-02 07:58:57,529 [INFO] DbMcusXml:78 - Set database path to: C:\appz\ST\STM32CubeIDE_1.10.1\STM32CubeIDE\plugins\com.st.stm32cube.common.mx_6.12.0.202406281431\\db\/mcu/
2024-10-02 07:58:57,529 [INFO] ApiDb:274 - Set plugin database path to: C:\appz\ST\STM32CubeIDE_1.10.1\STM32CubeIDE\plugins\com.st.stm32cube.common.mx_6.12.0.202406281431\\db\/plugins/boardmanager/
2024-10-02 07:58:57,529 [INFO] ApiDb:261 - Set plugin images path to: C:\appz\ST\STM32CubeIDE_1.10.1\STM32CubeIDE\plugins\com.st.stm32cube.common.mx_6.12.0.202406281431\\db\/plugins/mcufinder/images/
2024-10-02 07:58:57,529 [WARN] DbFile:41 - Overriding database path with different value: C:\Users\xdocka15\.stmcufinder\plugins\mcufinder/ => C:\Users\xdocka15\.stmcufinder\plugins\mcufinder
2024-10-02 07:58:57,529 [INFO] ApiDb:250 - Set database path to: C:\Users\xdocka15\.stmcufinder\plugins\mcufinder//mcu/
2024-10-02 07:58:57,529 [WARN] DbFile:41 - Overriding database path with different value: C:\Users\xdocka15\.stmcufinder\plugins\mcufinder/ => C:\Users\xdocka15\.stmcufinder\plugins\mcufinder
2024-10-02 07:58:57,529 [INFO] DbMcusAds:125 - Set database path to: C:\Users\xdocka15\.stmcufinder\plugins\mcufinder//mcu/
2024-10-02 07:58:57,530 [WARN] DbFile:41 - Overriding database path with different value: C:\Users\xdocka15\.stmcufinder\plugins\mcufinder/ => C:\Users\xdocka15\.stmcufinder\plugins\mcufinder
2024-10-02 07:58:57,530 [WARN] DbFile:41 - Overriding database path with different value: C:\Users\xdocka15\.stmcufinder\plugins\mcufinder/ => C:\Users\xdocka15\.stmcufinder\plugins\mcufinder
2024-10-02 07:58:57,530 [INFO] CrossReferenceDbSqlite:203 - Set database path to: C:\Users\xdocka15\.stmcufinder\plugins\mcufinder//mcu/cs/
2024-10-02 07:58:57,664 [INFO] MainPanel:268 - HeapMemory: 268435456
2024-10-02 07:58:57,871 [INFO] DbMcusXml:78 - Set database path to: C:\appz\ST\STM32CubeIDE_1.10.1\STM32CubeIDE\plugins\com.st.stm32cube.common.mx_6.12.0.202406281431\\db\/mcu/
2024-10-02 07:58:57,872 [INFO] ApiDb:274 - Set plugin database path to: C:\appz\ST\STM32CubeIDE_1.10.1\STM32CubeIDE\plugins\com.st.stm32cube.common.mx_6.12.0.202406281431\\db\/plugins/boardmanager/
2024-10-02 07:58:57,872 [INFO] ApiDb:261 - Set plugin images path to: C:\appz\ST\STM32CubeIDE_1.10.1\STM32CubeIDE\plugins\com.st.stm32cube.common.mx_6.12.0.202406281431\\db\/plugins/mcufinder/images/
2024-10-02 07:58:57,878 [WARN] DbFile:41 - Overriding database path with different value: C:\Users\xdocka15\.stmcufinder\plugins\mcufinder/ => C:\Users\xdocka15\.stmcufinder\plugins\mcufinder
2024-10-02 07:58:57,878 [INFO] ApiDb:250 - Set database path to: C:\Users\xdocka15\.stmcufinder\plugins\mcufinder//mcu/
2024-10-02 07:58:57,878 [WARN] DbFile:41 - Overriding database path with different value: C:\Users\xdocka15\.stmcufinder\plugins\mcufinder/ => C:\Users\xdocka15\.stmcufinder\plugins\mcufinder
2024-10-02 07:58:57,878 [INFO] DbMcusAds:125 - Set database path to: C:\Users\xdocka15\.stmcufinder\plugins\mcufinder//mcu/
2024-10-02 07:58:57,878 [WARN] DbFile:41 - Overriding database path with different value: C:\Users\xdocka15\.stmcufinder\plugins\mcufinder/ => C:\Users\xdocka15\.stmcufinder\plugins\mcufinder
2024-10-02 07:58:57,878 [WARN] DbFile:41 - Overriding database path with different value: C:\Users\xdocka15\.stmcufinder\plugins\mcufinder/ => C:\Users\xdocka15\.stmcufinder\plugins\mcufinder
2024-10-02 07:58:57,879 [INFO] CrossReferenceDbSqlite:203 - Set database path to: C:\Users\xdocka15\.stmcufinder\plugins\mcufinder//mcu/cs/
2024-10-02 07:58:57,934 [INFO] ApplicationProperties:184 - Using Application install path: C:\appz\ST\STM32CubeIDE_1.10.1\STM32CubeIDE\plugins\com.st.stm32cube.common.mx_6.12.0.202406281431
2024-10-02 07:58:57,937 [INFO] PluginManage:196 - Search for loadable plugins [exclusion list=, ]
2024-10-02 07:58:57,939 [INFO] PluginManage:310 - Check plugin analytics
2024-10-02 07:58:58,401 [INFO] AnalyticsPlugin:253 - Accepted Software Licenses: 
2024-10-02 07:58:58,401 [INFO] AnalyticsPlugin:255 - Accepted CMSIS Pack Licenses: 
2024-10-02 07:58:58,401 [INFO] AnalyticsPlugin:257 - Accepted Firmware Licenses: 
2024-10-02 07:58:58,409 [INFO] PluginManage:359 - Loaded plugin analytics (category:tool,tabindex:-1)
2024-10-02 07:58:58,410 [INFO] PluginManage:310 - Check plugin cadmodel
2024-10-02 07:58:58,415 [INFO] CADModel:105 - Init CAD model plugin
2024-10-02 07:58:58,416 [INFO] PluginManage:359 - Loaded plugin cadmodel (category:power,tabindex:5)
2024-10-02 07:58:58,416 [INFO] PluginManage:310 - Check plugin clock
2024-10-02 07:58:58,429 [INFO] PluginManage:359 - Loaded plugin clock (category:base,tabindex:2)
2024-10-02 07:58:58,429 [INFO] PluginManage:310 - Check plugin ddr
2024-10-02 07:58:58,431 [INFO] PluginManage:359 - Loaded plugin ddr (category:tool,tabindex:6)
2024-10-02 07:58:58,432 [INFO] PluginManage:310 - Check plugin filemanager
2024-10-02 07:58:58,857 [INFO] PluginManage:359 - Loaded plugin filemanager (category:base,tabindex:10)
2024-10-02 07:58:58,858 [INFO] PluginManage:310 - Check plugin ipmanager
2024-10-02 07:58:58,871 [INFO] PluginManage:359 - Loaded plugin ipmanager (category:base,tabindex:5)
2024-10-02 07:58:58,872 [INFO] PluginManage:310 - Check plugin lpbam
2024-10-02 07:58:58,885 [INFO] PluginManage:359 - Loaded plugin lpbam (category:base,tabindex:0)
2024-10-02 07:58:58,886 [INFO] PluginManage:310 - Check plugin memorymap
2024-10-02 07:58:58,905 [INFO] PluginManage:359 - Loaded plugin memorymap (category:base,tabindex:4)
2024-10-02 07:58:58,905 [INFO] PluginManage:310 - Check plugin pinoutandconfiguration
2024-10-02 07:58:58,915 [INFO] PluginManage:359 - Loaded plugin pinoutandconfiguration (category:base,tabindex:1)
2024-10-02 07:58:58,916 [INFO] PluginManage:310 - Check plugin pinoutconfig
2024-10-02 07:58:59,025 [FATAL] PluginManage:371 - Exception caught
java.lang.reflect.InvocationTargetException: null
	at jdk.internal.reflect.NativeConstructorAccessorImpl.newInstance0(Native Method) ~[?:?]
	at jdk.internal.reflect.NativeConstructorAccessorImpl.newInstance(NativeConstructorAccessorImpl.java:77) ~[?:?]
	at jdk.internal.reflect.DelegatingConstructorAccessorImpl.newInstance(DelegatingConstructorAccessorImpl.java:45) ~[?:?]
	at java.lang.reflect.Constructor.newInstanceWithCaller(Constructor.java:499) ~[?:?]
	at java.lang.reflect.Constructor.newInstance(Constructor.java:480) ~[?:?]
	at com.st.microxplorer.plugin.PluginManage.loadPluginJar(PluginManage.java:352) ~[STM32CubeMX.jar:?]
	at com.st.microxplorer.plugin.PluginManage.PluginSearch(PluginManage.java:224) ~[STM32CubeMX.jar:?]
	at com.st.microxplorer.plugin.PluginManage.PluginDiscovery(PluginManage.java:67) ~[STM32CubeMX.jar:?]
	at com.st.microxplorer.maingui.MainPanel.initialization(MainPanel.java:321) ~[STM32CubeMX.jar:?]
	at com.st.microxplorer.maingui.AppletMainFrameCubeIde.init(AppletMainFrameCubeIde.java:242) ~[STM32CubeMX.jar:?]
	at com.st.stm32cube.common.mx.core.CubeMxInstance.<init>(CubeMxInstance.java:117) ~[com.st.stm32cube.common.mx_6.12.0.202406281431/:?]
	at com.st.stm32cube.common.mx.core.CubeMxInstance.getInstance(CubeMxInstance.java:91) ~[com.st.stm32cube.common.mx_6.12.0.202406281431/:?]
	at com.st.stm32cube.common.mx.userauth.UserAuthAdapter.<init>(UserAuthAdapter.java:25) ~[com.st.stm32cube.common.mx_6.12.0.202406281431/:?]
	at com.st.stm32cube.common.mx.userauth.UserAuthProvider.getUserAuthAdapter(UserAuthProvider.java:16) ~[com.st.stm32cube.common.mx_6.12.0.202406281431/:?]
	at com.st.stm32cube.common.ecosystemintegration.ui.core.MCUEcoSystemIntegrationUiHelper.getUserAuth(MCUEcoSystemIntegrationUiHelper.java:100) ~[?:?]
	at com.st.stm32cube.ide.mcu.userauth.UserAuthStartup.earlyStartup(UserAuthStartup.java:41) ~[?:?]
	at org.eclipse.ui.internal.EarlyStartupRunnable.runEarlyStartup(EarlyStartupRunnable.java:79) ~[?:?]
	at org.eclipse.ui.internal.EarlyStartupRunnable.run(EarlyStartupRunnable.java:55) ~[?:?]
	at org.eclipse.core.runtime.SafeRunner.run(SafeRunner.java:47) ~[org.eclipse.equinox.common_3.18.200.v20231106-1826.jar:?]
	at org.eclipse.ui.internal.Workbench$39.run(Workbench.java:2762) ~[?:?]
	at org.eclipse.core.internal.jobs.Worker.run(Worker.java:63) ~[?:?]
Caused by: java.lang.IllegalStateException: Module has been uninstalled. osgi.identity; type="osgi.bundle"; version:Version="6.12.0.202406281431"; osgi.identity="com.st.stm32cube.common.mx"; singleton:="true" [id=808]
	at org.eclipse.osgi.container.Module.checkValid(Module.java:560) ~[?:?]
	at org.eclipse.osgi.container.Module.start(Module.java:421) ~[?:?]
	at org.eclipse.osgi.framework.util.SecureAction.start(SecureAction.java:513) ~[?:?]
	at org.eclipse.osgi.internal.hooks.EclipseLazyStarter.postFindLocalClass(EclipseLazyStarter.java:117) ~[?:?]
	at org.eclipse.osgi.internal.loader.classpath.ClasspathManager.findLocalClass(ClasspathManager.java:570) ~[?:?]
	at org.eclipse.osgi.internal.loader.ModuleClassLoader.findLocalClass(ModuleClassLoader.java:335) ~[?:?]
	at org.eclipse.osgi.internal.loader.BundleLoader.findLocalClass(BundleLoader.java:397) ~[?:?]
	at org.eclipse.osgi.internal.loader.BundleLoader.findClass0(BundleLoader.java:500) ~[?:?]
	at org.eclipse.osgi.internal.loader.BundleLoader.findClass(BundleLoader.java:416) ~[?:?]
	at org.eclipse.osgi.internal.loader.ModuleClassLoader.loadClass(ModuleClassLoader.java:168) ~[?:?]
	at java.lang.ClassLoader.loadClass(ClassLoader.java:525) ~[?:?]
	at org.apache.xerces.impl.xs.traversers.XSDHandler.createTraversers(Unknown Source) ~[STM32CubeMX.jar:?]
	at org.apache.xerces.impl.xs.traversers.XSDHandler.prepareForTraverse(Unknown Source) ~[STM32CubeMX.jar:?]
	at org.apache.xerces.impl.xs.traversers.XSDHandler.parseSchema(Unknown Source) ~[STM32CubeMX.jar:?]
	at org.apache.xerces.impl.xs.XMLSchemaLoader.loadSchema(Unknown Source) ~[STM32CubeMX.jar:?]
	at org.apache.xerces.impl.xs.XMLSchemaLoader.loadGrammar(Unknown Source) ~[STM32CubeMX.jar:?]
	at org.apache.xerces.impl.xs.XMLSchemaLoader.loadGrammar(Unknown Source) ~[STM32CubeMX.jar:?]
	at org.apache.xerces.jaxp.validation.XMLSchemaFactory.newSchema(Unknown Source) ~[STM32CubeMX.jar:?]
	at javax.xml.validation.SchemaFactory.newSchema(SchemaFactory.java:612) ~[?:?]
	at com.st.microxplorer.mcu.rtos.api.SupportedApi.loadRequiredInfo(SupportedApi.java:130) ~[STM32CubeMX.jar:?]
	at com.st.microxplorer.mcu.rtos.api.SupportedApi.load(SupportedApi.java:71) ~[STM32CubeMX.jar:?]
	at com.st.microxplorer.mcu.rtos.RtosManager.<init>(RtosManager.java:531) ~[STM32CubeMX.jar:?]
	at com.st.microxplorer.mcu.Mcu.getRtosManager(Mcu.java:7436) ~[STM32CubeMX.jar:?]
	at com.st.microxplorer.mcu.Mcu.propertyChange(Mcu.java:1787) ~[STM32CubeMX.jar:?]
	at java.beans.PropertyChangeSupport.fire(PropertyChangeSupport.java:343) ~[?:?]
	at java.beans.PropertyChangeSupport.firePropertyChange(PropertyChangeSupport.java:335) ~[?:?]
	at com.st.microxplorer.util.MXPropertyChangeSupport.refreshing(MXPropertyChangeSupport.java:72) ~[STM32CubeMX.jar:?]
	at com.st.microxplorer.mcu.Mcu.refreshingMcu(Mcu.java:6079) ~[STM32CubeMX.jar:?]
	at com.st.microxplorer.mxsystem.MxSystem.refreshing(MxSystem.java:922) ~[STM32CubeMX.jar:?]
	at com.st.microxplorer.plugins.pinoutconfig.PinoutConfigView.<init>(PinoutConfigView.java:203) ~[?:?]
	... 21 more
